[07:01:38] [nioEventLoopGroup-3-1/INFO]: [Geyser-Spigot] /27.55.71.40:2280 tried to connect!
[07:01:39] [nioEventLoopGroup-3-2/INFO]: [Geyser-Spigot] Player connected with username Namolnw007
[07:01:39] [defaultEventLoopGroup-6-2/INFO]: [Geyser-Spigot] Namolnw007 (logged in as: Namolnw007) has connected to the Java server
[07:01:40] [Geyser Spigot connection thread-5-3/INFO]: UUID of player .Namolnw007 is 00000000-0000-0000-0009-01f88c38fdc3
[07:01:40] [Server thread/INFO]: [floodgate] Floodgate player logged in as .Namolnw007 joined (UUID: 00000000-0000-0000-0009-01f88c38fdc3)
[07:01:41] [Server thread/INFO]: .Namolnw007 joined the game
[07:01:41] [Server thread/INFO]: .Namolnw007[/27.55.71.40:0] logged in with entity id 277 at ([world]140.3635, 64.0, 2266.2585)
[07:02:37] [Server thread/INFO]: .Namolnw007 issued server command: /warp home
[07:04:53] [nioEventLoopGroup-3-2/WARN]: Unhandled packet for /27.55.71.40:2280:0: CraftingEventPacket(inputs=[], outputs=[BaseItemData(definition=SimpleItemDefinition(identifier=minecraft:diamond_chestplate, runtimeId=350, componentBased=false), damage=0, count=1, tag={
  "Damage": 0i
}, canPlace=[], canBreak=[], blockingTicks=0, blockDefinition=GeyserBedrockBlock{minecraft:cyan_terracotta}, usingNetId=false, netId=0)], containerId=0, type=CRAFTING, uuid=051d7c1a-2549-4106-b00d-ee7927586a9a)
[07:04:55] [nioEventLoopGroup-3-2/WARN]: Unhandled packet for /27.55.71.40:2280:0: CraftingEventPacket(inputs=[], outputs=[BaseItemData(definition=SimpleItemDefinition(identifier=minecraft:diamond_leggings, runtimeId=351, componentBased=false), damage=0, count=1, tag={
  "Damage": 0i
}, canPlace=[], canBreak=[], blockingTicks=0, blockDefinition=GeyserBedrockBlock{minecraft:cyan_terracotta}, usingNetId=false, netId=0)], containerId=0, type=CRAFTING, uuid=6016f462-98ea-4ea1-b53b-d00459f07d8a)
[07:06:51] [nioEventLoopGroup-3-2/WARN]: Unhandled packet for /27.55.71.40:2280:0: CraftingEventPacket(inputs=[], outputs=[BaseItemData(definition=SimpleItemDefinition(identifier=minecraft:golden_carrot, runtimeId=283, componentBased=false), damage=0, count=1, tag=null, canPlace=[], canBreak=[], blockingTicks=0, blockDefinition=GeyserBedrockBlock{minecraft:cyan_terracotta}, usingNetId=false, netId=0)], containerId=0, type=CRAFTING, uuid=ffd092e9-4521-4c7e-8a59-e13cbf7182f2)
[07:09:08] [Server thread/INFO]: .Namolnw007 issued server command: /warp npc3
[07:13:14] [defaultEventLoopGroup-6-2/INFO]: [Geyser-Spigot] Namolnw007 has disconnected from the Java server because of Bedrock client disconnected
[07:13:14] [Geyser Spigot connection thread-5-3/INFO]: [floodgate] Floodgate player logged in as .Namolnw007 disconnected
[07:13:14] [Server thread/INFO]: .Namolnw007 lost connection: Disconnected
[07:13:14] [Server thread/INFO]: .Namolnw007 left the game
[07:14:11] [nioEventLoopGroup-3-1/INFO]: [Geyser-Spigot] /27.55.71.40:49663 tried to connect!
[07:14:12] [nioEventLoopGroup-3-3/INFO]: [Geyser-Spigot] Player connected with username Namolnw007
[07:14:12] [defaultEventLoopGroup-6-3/INFO]: [Geyser-Spigot] Namolnw007 (logged in as: Namolnw007) has connected to the Java server
[07:14:13] [Geyser Spigot connection thread-5-4/INFO]: UUID of player .Namolnw007 is 00000000-0000-0000-0009-01f88c38fdc3
[07:14:13] [Server thread/INFO]: [floodgate] Floodgate player logged in as .Namolnw007 joined (UUID: 00000000-0000-0000-0009-01f88c38fdc3)
[07:14:13] [Server thread/INFO]: .Namolnw007 joined the game
[07:14:13] [Server thread/INFO]: .Namolnw007[/27.55.71.40:0] logged in with entity id 2744 at ([world]495.30001, 112.0, 3083.69999)
[07:14:28] [Async Chat Thread - #1/INFO]: <.Namolnw007> 1286 4391[m
[07:16:57] [Server thread/WARN]: .Namolnw007 moved wrongly!
[07:18:13] [Server thread/INFO]: .Namolnw007 was slain by Spider
[07:18:39] [nioEventLoopGroup-3-3/WARN]: Unhandled packet for /27.55.71.40:49663:0: CraftingEventPacket(inputs=[], outputs=[BaseItemData(definition=SimpleItemDefinition(identifier=minecraft:planks, runtimeId=5, componentBased=false), damage=0, count=4, tag=null, canPlace=[], canBreak=[], blockingTicks=0, blockDefinition=GeyserBedrockBlock{minecraft:planks}, usingNetId=false, netId=0)], containerId=0, type=CRAFTING, uuid=6aa63546-eb01-4b6f-a210-2482c37c0b7c)
[07:18:53] [nioEventLoopGroup-3-3/WARN]: Unhandled packet for /27.55.71.40:49663:0: CraftingEventPacket(inputs=[], outputs=[BaseItemData(definition=SimpleItemDefinition(identifier=minecraft:cherry_planks, runtimeId=-537, componentBased=false), damage=0, count=4, tag=null, canPlace=[], canBreak=[], blockingTicks=0, blockDefinition=GeyserBedrockBlock{minecraft:cherry_planks}, usingNetId=false, netId=0)], containerId=0, type=CRAFTING, uuid=fcdab12e-7ade-4784-9fa7-7a3006465e7a)
[07:18:55] [nioEventLoopGroup-3-3/WARN]: Unhandled packet for /27.55.71.40:49663:0: CraftingEventPacket(inputs=[], outputs=[BaseItemData(definition=SimpleItemDefinition(identifier=minecraft:shield, runtimeId=357, componentBased=false), damage=0, count=1, tag={
  "Damage": 0i
}, canPlace=[], canBreak=[], blockingTicks=0, blockDefinition=GeyserBedrockBlock{minecraft:cyan_terracotta}, usingNetId=false, netId=0)], containerId=0, type=CRAFTING, uuid=768f85dd-8a0f-4188-aa0c-7fd64ec85455)
[07:19:20] [Server thread/INFO]: .Namolnw007 issued server command: /back
[07:25:38] [Server thread/INFO]: Villager EntityVillager['Villager'/6645, l='ServerLevel[world]', x=1258.62, y=62.94, z=4348.73] died, message: 'Villager was slain by Zombie'
[07:25:55] [Server thread/INFO]: .Namolnw007 was blown up by Creeper
[07:26:04] [Server thread/INFO]: .Namolnw007 issued server command: /back
[07:26:46] [Server thread/INFO]: .Namolnw007 was doomed to fall by Skeleton
[07:27:06] [Server thread/INFO]: .Namolnw007 issued server command: /back
[07:37:31] [Server thread/INFO]: .Namolnw007 tried to swim in lava to escape Zombie
[07:38:12] [Server thread/INFO]: .Namolnw007 issued server command: /back
[07:40:05] [Server thread/INFO]: .Namolnw007 was slain by Zombie
[07:40:36] [Geyser Spigot connection thread-5-4/INFO]: Environment: Environment[accountsHost=https://api.mojang.com, sessionHost=https://sessionserver.mojang.com, servicesHost=https://api.minecraftservices.com, name=PROD]
[07:46:51] [nioEventLoopGroup-3-3/WARN]: Unhandled packet for /27.55.71.40:49663:0: CraftingEventPacket(inputs=[], outputs=[BaseItemData(definition=SimpleItemDefinition(identifier=minecraft:raw_iron, runtimeId=512, componentBased=false), damage=0, count=9, tag=null, canPlace=[], canBreak=[], blockingTicks=0, blockDefinition=GeyserBedrockBlock{minecraft:cyan_terracotta}, usingNetId=false, netId=0)], containerId=0, type=INVENTORY, uuid=79becd24-8c63-4dc4-a009-d4149e2d13a7)
[07:51:22] [defaultEventLoopGroup-6-3/INFO]: [Geyser-Spigot] Namolnw007 has disconnected from the Java server because of Bedrock client disconnected
[07:51:22] [Geyser Spigot connection thread-5-4/INFO]: [floodgate] Floodgate player logged in as .Namolnw007 disconnected
[07:51:22] [Server thread/INFO]: .Namolnw007 lost connection: Disconnected
[07:51:22] [Server thread/INFO]: .Namolnw007 left the game
[12:24:07] [nioEventLoopGroup-3-1/INFO]: [Geyser-Spigot] /27.55.70.73:27819 tried to connect!
[12:24:08] [nioEventLoopGroup-3-4/INFO]: [Geyser-Spigot] Player connected with username Namolnw007
[12:24:08] [defaultEventLoopGroup-6-4/INFO]: [Geyser-Spigot] Namolnw007 (logged in as: Namolnw007) has connected to the Java server
[12:24:09] [Geyser Spigot connection thread-5-1/INFO]: UUID of player .Namolnw007 is 00000000-0000-0000-0009-01f88c38fdc3
[12:24:09] [Server thread/INFO]: [floodgate] Floodgate player logged in as .Namolnw007 joined (UUID: 00000000-0000-0000-0009-01f88c38fdc3)
[12:24:09] [Server thread/INFO]: .Namolnw007 joined the game
[12:24:09] [Server thread/INFO]: .Namolnw007[/27.55.70.73:0] logged in with entity id 12789 at ([world]110.30003, -53.0, -76.5806)
[12:25:27] [Server thread/INFO]: .Namolnw007 issued server command: /warp home
[12:25:27] [Server thread/WARN]: .Namolnw007 moved too quickly! -274.67413,28.0,18.703950000000006
[12:25:27] [Server thread/WARN]: .Namolnw007 moved too quickly! -274.67413,28.0,18.703950000000006
[12:25:27] [Server thread/WARN]: .Namolnw007 moved too quickly! -274.67413,28.0,18.703950000000006
[12:25:27] [Server thread/WARN]: .Namolnw007 moved too quickly! -274.67413,28.0,18.703950000000006
[12:25:27] [Server thread/WARN]: .Namolnw007 moved too quickly! -274.67413,28.0,18.703950000000006
[12:25:27] [Server thread/WARN]: .Namolnw007 moved too quickly! -274.67413,28.0,18.703950000000006
[12:25:27] [Server thread/WARN]: .Namolnw007 moved too quickly! -274.67413,28.0,18.703950000000006
[12:25:27] [Server thread/WARN]: .Namolnw007 moved too quickly! -274.67413,28.0,18.703950000000006
[12:25:27] [Server thread/WARN]: .Namolnw007 moved too quickly! -274.67413,28.0,18.703950000000006
[12:25:27] [Server thread/WARN]: .Namolnw007 moved too quickly! -274.67413,28.0,18.703950000000006
[12:25:27] [Server thread/WARN]: .Namolnw007 moved too quickly! -274.67413,28.0,18.703950000000006
[12:25:27] [Server thread/WARN]: .Namolnw007 moved too quickly! -274.67413,28.0,18.703950000000006
[12:25:27] [Server thread/WARN]: .Namolnw007 moved too quickly! -274.67413,28.0,18.703950000000006
[12:25:27] [Server thread/WARN]: .Namolnw007 moved too quickly! -274.67413,28.0,18.703950000000006
[12:25:27] [Server thread/WARN]: .Namolnw007 moved too quickly! -274.67413,28.0,18.703950000000006
[12:25:27] [Server thread/WARN]: .Namolnw007 moved too quickly! -274.67413,28.0,18.703950000000006
[12:25:27] [Server thread/WARN]: .Namolnw007 moved too quickly! -274.67413,28.0,18.703950000000006
[12:25:27] [Server thread/WARN]: .Namolnw007 moved too quickly! -274.67413,28.0,18.703950000000006
[12:25:27] [Server thread/WARN]: .Namolnw007 moved too quickly! -274.67413,28.0,18.703950000000006
[12:25:27] [Server thread/WARN]: .Namolnw007 moved too quickly! -274.67413,28.0,18.703950000000006
[12:25:27] [Server thread/WARN]: .Namolnw007 moved too quickly! -274.67413,28.0,18.703950000000006
[12:25:27] [Server thread/WARN]: .Namolnw007 moved too quickly! -274.67413,28.0,18.703950000000006
[12:25:27] [Server thread/WARN]: .Namolnw007 moved too quickly! -274.67413,28.0,18.703950000000006
[12:25:27] [Server thread/WARN]: .Namolnw007 moved too quickly! -274.67413,28.0,18.703950000000006
[12:25:27] [Server thread/WARN]: .Namolnw007 moved too quickly! -274.67413,28.0,18.703950000000006
[12:25:27] [Server thread/WARN]: .Namolnw007 moved too quickly! -274.67413,28.0,18.703950000000006
[12:25:27] [Server thread/WARN]: .Namolnw007 moved too quickly! -274.67413,28.0,18.703950000000006
[12:25:27] [Server thread/WARN]: .Namolnw007 moved too quickly! -274.67413,28.0,18.703950000000006
[12:25:27] [Server thread/WARN]: .Namolnw007 moved too quickly! -274.67413,28.0,18.703950000000006
[12:25:27] [Server thread/WARN]: .Namolnw007 moved too quickly! -274.67413,28.0,18.703950000000006
[12:25:27] [Server thread/WARN]: .Namolnw007 moved too quickly! -274.67413,28.0,18.703950000000006
[12:25:27] [Server thread/WARN]: .Namolnw007 moved too quickly! -274.67413,28.0,18.703950000000006
[12:26:02] [nioEventLoopGroup-3-4/WARN]: Unhandled packet for /27.55.70.73:27819:0: CraftingEventPacket(inputs=[], outputs=[BaseItemData(definition=SimpleItemDefinition(identifier=minecraft:planks, runtimeId=5, componentBased=false), damage=0, count=4, tag=null, canPlace=[], canBreak=[], blockingTicks=0, blockDefinition=GeyserBedrockBlock{minecraft:planks}, usingNetId=false, netId=0)], containerId=0, type=CRAFTING, uuid=39102536-e507-4261-b803-d26c92c9fa89)
[12:26:05] [nioEventLoopGroup-3-4/WARN]: Unhandled packet for /27.55.70.73:27819:0: CraftingEventPacket(inputs=[], outputs=[BaseItemData(definition=SimpleItemDefinition(identifier=minecraft:stick, runtimeId=322, componentBased=false), damage=0, count=4, tag=null, canPlace=[], canBreak=[], blockingTicks=0, blockDefinition=GeyserBedrockBlock{minecraft:cyan_terracotta}, usingNetId=false, netId=0)], containerId=0, type=CRAFTING, uuid=7b045364-4640-4846-9c9f-040264dbd34a)
[12:26:06] [nioEventLoopGroup-3-4/WARN]: Unhandled packet for /27.55.70.73:27819:0: CraftingEventPacket(inputs=[], outputs=[BaseItemData(definition=SimpleItemDefinition(identifier=minecraft:stick, runtimeId=322, componentBased=false), damage=0, count=4, tag=null, canPlace=[], canBreak=[], blockingTicks=0, blockDefinition=GeyserBedrockBlock{minecraft:cyan_terracotta}, usingNetId=false, netId=0)], containerId=0, type=CRAFTING, uuid=7b045364-4640-4846-9c9f-040264dbd34a)
[12:26:08] [nioEventLoopGroup-3-4/WARN]: Unhandled packet for /27.55.70.73:27819:0: CraftingEventPacket(inputs=[], outputs=[BaseItemData(definition=SimpleItemDefinition(identifier=minecraft:diamond_axe, runtimeId=321, componentBased=false), damage=0, count=1, tag={
  "Damage": 0i
}, canPlace=[], canBreak=[], blockingTicks=0, blockDefinition=GeyserBedrockBlock{minecraft:cyan_terracotta}, usingNetId=false, netId=0)], containerId=0, type=CRAFTING, uuid=7ae1128e-e510-4b2a-b7df-cc660c7d80c9)
[12:26:10] [nioEventLoopGroup-3-4/WARN]: Unhandled packet for /27.55.70.73:27819:0: CraftingEventPacket(inputs=[], outputs=[BaseItemData(definition=SimpleItemDefinition(identifier=minecraft:diamond_shovel, runtimeId=319, componentBased=false), damage=0, count=1, tag={
  "Damage": 0i
}, canPlace=[], canBreak=[], blockingTicks=0, blockDefinition=GeyserBedrockBlock{minecraft:cyan_terracotta}, usingNetId=false, netId=0)], containerId=0, type=CRAFTING, uuid=869869d1-c7cd-4fc3-b84a-f0ee8053ac5f)
[12:30:30] [Server thread/INFO]: .Namolnw007 issued server command: /warp npc2
[12:31:27] [Server thread/INFO]: .Namolnw007 issued server command: /warp npc3
[12:31:35] [defaultEventLoopGroup-6-4/INFO]: [Geyser-Spigot] Namolnw007 has disconnected from the Java server because of Bedrock client disconnected
[12:31:35] [Geyser Spigot connection thread-5-1/INFO]: [floodgate] Floodgate player logged in as .Namolnw007 disconnected
[12:31:35] [Server thread/INFO]: .Namolnw007 lost connection: Disconnected
[12:31:35] [Server thread/INFO]: .Namolnw007 left the game
[15:16:43] [connectionLostChecker-1/ERROR]: [floodgate] [debug] Got an error
com.google.gson.JsonSyntaxException: Expected a com.google.gson.JsonObject but was com.google.gson.JsonPrimitive; at path $
	at com.google.gson.internal.bind.TypeAdapters$34$1.read(TypeAdapters.java:1010) ~[gson-2.10.1.jar:?]
	at com.google.gson.Gson.fromJson(Gson.java:1227) ~[gson-2.10.1.jar:?]
	at com.google.gson.Gson.fromJson(Gson.java:1137) ~[gson-2.10.1.jar:?]
	at com.google.gson.Gson.fromJson(Gson.java:1047) ~[gson-2.10.1.jar:?]
	at com.google.gson.Gson.fromJson(Gson.java:982) ~[gson-2.10.1.jar:?]
	at org.geysermc.floodgate.skin.SkinUploadSocket.onClose(SkinUploadSocket.java:155) ~[?:?]
	at org.java_websocket.client.WebSocketClient.onWebsocketClose(WebSocketClient.java:663) ~[?:?]
	at org.java_websocket.WebSocketImpl.closeConnection(WebSocketImpl.java:552) ~[?:?]
	at org.java_websocket.WebSocketImpl.closeConnection(WebSocketImpl.java:576) ~[?:?]
	at org.java_websocket.AbstractWebSocket.executeConnectionLostDetection(AbstractWebSocket.java:232) ~[?:?]
	at org.java_websocket.AbstractWebSocket.access$200(AbstractWebSocket.java:43) ~[?:?]
	at org.java_websocket.AbstractWebSocket$1.run(AbstractWebSocket.java:203) ~[?:?]
	at java.util.concurrent.Executors$RunnableAdapter.call(Executors.java:539) ~[?:?]
	at java.util.concurrent.FutureTask.runAndReset(FutureTask.java:305) ~[?:?]
	at java.util.concurrent.ScheduledThreadPoolExecutor$ScheduledFutureTask.run(ScheduledThreadPoolExecutor.java:305) ~[?:?]
	at java.util.concurrent.ThreadPoolExecutor.runWorker(ThreadPoolExecutor.java:1136) ~[?:?]
	at java.util.concurrent.ThreadPoolExecutor$Worker.run(ThreadPoolExecutor.java:635) ~[?:?]
	at java.lang.Thread.run(Thread.java:833) ~[?:?]
[15:47:03] [Server thread/INFO]: Unknown command. Type "/help" for help.[m
[15:47:06] [Server thread/INFO]: CONSOLE issued server command: /list 
[15:47:06] [Server thread/INFO]: [0;33;22mThere are [0;31;1m0[0;33;22m out of maximum [0;31;1m16[0;33;22m players online.[m
[15:47:10] [Server thread/INFO]: Stopping the server
[15:47:10] [Server thread/INFO]: Stopping server
[15:47:10] [Server thread/INFO]: [Geyser-Spigot] Disabling Geyser-Spigot v2.2.0-SNAPSHOT
[15:47:10] [Server thread/INFO]: [Geyser-Spigot] Shutting down Geyser.
[15:47:10] [Server thread/INFO]: [Geyser-Spigot] Geyser shutdown successfully.
[15:47:10] [Server thread/INFO]: [WorldGuard] Disabling WorldGuard v7.0.9+5934e49
[15:47:10] [Server thread/INFO]: [WorldGuard] Shutting down executor and cancelling any pending tasks...
[15:47:10] [Server thread/INFO]: [ChestSort] Disabling ChestSort v13.6.5
[15:47:10] [Server thread/INFO]: [floodgate] Disabling floodgate v2.2.2-SNAPSHOT (b85-71acc6c)
[15:47:10] [Server thread/INFO]: Disabling Essentials v2.21.0-dev+21-c68b277
[15:47:10] [Server thread/INFO]: [WorldEdit] Disabling WorldEdit v7.2.17+6544-56d0383
[15:47:10] [Server thread/INFO]: Unregistering com.sk89q.worldedit.bukkit.BukkitServerInterface from WorldEdit
[15:47:10] [Server thread/INFO]: [LuckPerms] Disabling LuckPerms v5.4.102
[15:47:10] [Server thread/INFO]: [LuckPerms] Starting shutdown process...
[15:47:10] [Server thread/INFO]: [LuckPerms] Closing storage...
[15:47:11] [Server thread/INFO]: [LuckPerms] Goodbye!
[15:47:11] [Server thread/INFO]: Saving players
[15:47:11] [WebSocketConnectReadThread-799/INFO]: [Geyser-Spigot] The skin uploader has been closed
[15:47:11] [Server thread/INFO]: Saving worlds
[15:47:13] [Server thread/INFO]: Saving chunks for level 'ServerLevel[world]'/minecraft:overworld
[15:47:15] [Server thread/INFO]: Saving chunks for level 'ServerLevel[world_nether]'/minecraft:the_nether
[15:47:15] [Server thread/INFO]: Saving chunks for level 'ServerLevel[world_the_end]'/minecraft:the_end
[15:47:15] [Server thread/INFO]: ThreadedAnvilChunkStorage (world): All chunks are saved
[15:47:15] [Server thread/INFO]: ThreadedAnvilChunkStorage (DIM-1): All chunks are saved
[15:47:15] [Server thread/INFO]: ThreadedAnvilChunkStorage (DIM1): All chunks are saved
[15:47:15] [Server thread/INFO]: ThreadedAnvilChunkStorage: All dimensions are saved
