[00:02:28] [Craft Scheduler Thread - 26845 - ServerSigns/INFO]: [Metrics] Connection refused: connect
[00:12:28] [Craft Scheduler Thread - 26904 - ServerSigns/INFO]: [Metrics] Connection refused: connect
[00:22:29] [Craft Scheduler Thread - 26963 - ServerSigns/INFO]: [Metrics] Connection refused: connect
[00:32:29] [Craft Scheduler Thread - 27023 - ServerSigns/INFO]: [Metrics] Connection refused: connect
[00:42:29] [Craft Scheduler Thread - 27082 - ServerSigns/INFO]: [Metrics] Connection refused: connect
[00:52:29] [Craft Scheduler Thread - 27141 - ServerSigns/INFO]: [Metrics] Connection refused: connect
[01:02:29] [Craft Scheduler Thread - 27200 - ServerSigns/INFO]: [Metrics] Connection refused: connect
[01:12:29] [Craft Scheduler Thread - 27259 - ServerSigns/INFO]: [Metrics] Connection refused: connect
[01:22:29] [Craft Scheduler Thread - 27318 - ServerSigns/INFO]: [Metrics] Connection refused: connect
[01:32:29] [Craft Scheduler Thread - 27378 - ServerSigns/INFO]: [Metrics] Connection refused: connect
[01:42:29] [Craft Scheduler Thread - 27437 - ServerSigns/INFO]: [Metrics] Connection refused: connect
[01:52:29] [Craft Scheduler Thread - 27497 - ServerSigns/INFO]: [Metrics] Connection refused: connect
[02:02:29] [Craft Scheduler Thread - 27556 - ServerSigns/INFO]: [Metrics] Connection refused: connect
[02:12:29] [Craft Scheduler Thread - 27615 - ServerSigns/INFO]: [Metrics] Connection refused: connect
[02:22:29] [Craft Scheduler Thread - 27674 - ServerSigns/INFO]: [Metrics] Connection refused: connect
[02:32:29] [Craft Scheduler Thread - 27732 - Vault/INFO]: [Vault] Checking for Updates ... 
[02:32:29] [Craft Scheduler Thread - 27733 - ServerSigns/INFO]: [Metrics] Connection refused: connect
[02:32:29] [Craft Scheduler Thread - 27732 - Vault/INFO]: [Vault] No new version available
[02:42:29] [Craft Scheduler Thread - 27792 - ServerSigns/INFO]: [Metrics] Connection refused: connect
[02:52:29] [Craft Scheduler Thread - 27851 - ServerSigns/INFO]: [Metrics] Connection refused: connect
[03:02:29] [Craft Scheduler Thread - 27910 - ServerSigns/INFO]: [Metrics] Connection refused: connect
[03:12:29] [Craft Scheduler Thread - 27970 - ServerSigns/INFO]: [Metrics] Connection refused: connect
[03:22:29] [Craft Scheduler Thread - 28029 - ServerSigns/INFO]: [Metrics] Connection refused: connect
[03:32:29] [Craft Scheduler Thread - 28088 - ServerSigns/INFO]: [Metrics] Connection refused: connect
[03:42:30] [Craft Scheduler Thread - 28148 - ServerSigns/INFO]: [Metrics] Connection refused: connect
[03:52:30] [Craft Scheduler Thread - 28207 - ServerSigns/INFO]: [Metrics] Connection refused: connect
[04:02:30] [Craft Scheduler Thread - 28266 - ServerSigns/INFO]: [Metrics] Connection refused: connect
[04:12:30] [Craft Scheduler Thread - 28325 - ServerSigns/INFO]: [Metrics] Connection refused: connect
[04:22:30] [Craft Scheduler Thread - 28384 - ServerSigns/INFO]: [Metrics] Connection refused: connect
[04:32:30] [Craft Scheduler Thread - 28444 - ServerSigns/INFO]: [Metrics] Connection refused: connect
[04:42:30] [Craft Scheduler Thread - 28504 - ServerSigns/INFO]: [Metrics] Connection refused: connect
[04:52:30] [Craft Scheduler Thread - 28563 - ServerSigns/INFO]: [Metrics] Connection refused: connect
[05:02:30] [Craft Scheduler Thread - 28622 - ServerSigns/INFO]: [Metrics] Connection refused: connect
[05:12:30] [Craft Scheduler Thread - 28681 - ServerSigns/INFO]: [Metrics] Connection refused: connect
[05:21:32] [Server thread/WARN]: Can't keep up! Is the server overloaded? Running 5517ms or 110 ticks behind
[05:22:35] [Craft Scheduler Thread - 28740 - ServerSigns/INFO]: [Metrics] Connection refused: connect
[05:22:57] [Server thread/INFO]: Stopping the server
[05:22:57] [Server thread/WARN]: java.lang.Throwable: Server stopped
[05:22:57] [Server thread/WARN]: 	at io.papermc.paper.util.TraceUtil.dumpTraceForThread(TraceUtil.java:16)
[05:22:57] [Server thread/WARN]: 	at net.minecraft.server.MinecraftServer.safeShutdown(MinecraftServer.java:1010)
[05:22:57] [Server thread/WARN]: 	at net.minecraft.server.MinecraftServer.halt(MinecraftServer.java:1005)
[05:22:57] [Server thread/WARN]: 	at net.minecraft.server.commands.StopCommand.lambda$register$2(StopCommand.java:16)
[05:22:57] [Server thread/WARN]: 	at com.mojang.brigadier.CommandDispatcher.execute(CommandDispatcher.java:265)
[05:22:57] [Server thread/WARN]: 	at net.minecraft.commands.Commands.performCommand(Commands.java:330)
[05:22:57] [Server thread/WARN]: 	at net.minecraft.commands.Commands.performPrefixedCommand(Commands.java:309)
[05:22:57] [Server thread/WARN]: 	at org.bukkit.craftbukkit.v1_20_R2.command.VanillaCommandWrapper.execute(VanillaCommandWrapper.java:45)
[05:22:57] [Server thread/WARN]: 	at org.bukkit.command.SimpleCommandMap.dispatch(SimpleCommandMap.java:155)
[05:22:57] [Server thread/WARN]: 	at org.bukkit.craftbukkit.v1_20_R2.CraftServer.dispatchCommand(CraftServer.java:991)
[05:22:57] [Server thread/WARN]: 	at org.bukkit.craftbukkit.v1_20_R2.CraftServer.dispatchServerCommand(CraftServer.java:976)
[05:22:57] [Server thread/WARN]: 	at net.minecraft.server.dedicated.DedicatedServer.handleConsoleInputs(DedicatedServer.java:500)
[05:22:57] [Server thread/WARN]: 	at net.minecraft.server.dedicated.DedicatedServer.tickChildren(DedicatedServer.java:447)
[05:22:57] [Server thread/WARN]: 	at net.minecraft.server.MinecraftServer.tickServer(MinecraftServer.java:1379)
[05:22:57] [Server thread/WARN]: 	at net.minecraft.server.MinecraftServer.runServer(MinecraftServer.java:1156)
[05:22:57] [Server thread/WARN]: 	at net.minecraft.server.MinecraftServer.lambda$spin$0(MinecraftServer.java:315)
[05:22:57] [Server thread/WARN]: 	at java.base/java.lang.Thread.run(Thread.java:842)
[05:22:57] [Server thread/INFO]: Stopping server
[05:22:57] [Server thread/INFO]: [Depenizen] Disabling Depenizen v2.1.0 (build 850)
[05:22:57] [Server thread/INFO]: [Denizen]  v1.2.9-SNAPSHOT (build 1799-REL) disabled.
[05:22:57] [Server thread/INFO]: [dtlTraders] Disabling dtlTraders v6.4.21
[05:22:57] [Server thread/INFO]: dtlTraders> Saving shops before shutting down...
[05:22:57] [Server thread/INFO]: dtlTraders> Shops Saved!
[05:22:57] [Server thread/INFO]: [EssentialsChat] Disabling EssentialsChat v2.21.0-dev+22-bb7b334
[05:22:57] [Server thread/INFO]: [EssentialsSpawn] Disabling EssentialsSpawn v2.21.0-dev+22-bb7b334
[05:22:57] [Server thread/INFO]: [Geyser-Spigot] Disabling Geyser-Spigot v2.2.0-SNAPSHOT
[05:22:57] [Server thread/INFO]: [Geyser-Spigot] Shutting down Geyser.
[05:22:57] [Server thread/INFO]: [Geyser-Spigot] Geyser shutdown successfully.
[05:22:57] [Server thread/INFO]: [ItemEdit] Disabling ItemEdit v3.1.3
[05:22:57] [Server thread/INFO]: [ProtectionStones] Disabling ProtectionStones v2.10.4
[05:22:58] [Server thread/INFO]: [ServerSigns] Disabling ServerSigns v4.9.0
[05:22:58] [Server thread/INFO]: [ServerSigns] ServerSigns is now disabled.
[05:22:58] [Server thread/INFO]: [spark] Disabling spark v1.10.34
[05:22:58] [Server thread/INFO]: [TabList] Disabling TabList v5.7.4
[05:22:58] [Server thread/INFO]: [Shopkeepers] Disabling Shopkeepers v2.18.0
[05:22:58] [Server thread/INFO]: [Denizen] Disabling Denizen v1.2.9-SNAPSHOT (build 1799-REL)
[05:22:58] [WebSocketConnectReadThread-28352/INFO]: [Geyser-Spigot] The skin uploader has been closed
[05:22:58] [Server thread/INFO]: [floodgate] Disabling floodgate v2.2.2-SNAPSHOT (b85-71acc6c)
[05:22:58] [Server thread/INFO]: [Essentials] Disabling Essentials v2.21.0-dev+22-bb7b334
[05:22:58] [Server thread/INFO]: [Vault] [Economy] Essentials Economy unhooked.
[05:22:58] [Server thread/INFO]: [Multiverse-Core] Disabling Multiverse-Core v4.3.12
[05:22:58] [Server thread/INFO]: [Citizens] Disabling Citizens v2.0.33-SNAPSHOT (build 3268)
[05:22:58] [Server thread/INFO]: [WorldGuard] Disabling WorldGuard v7.0.9+5934e49
[05:22:58] [Server thread/INFO]: [WorldGuard] Shutting down executor and cancelling any pending tasks...
[05:22:58] [Server thread/INFO]: [WorldEdit] Disabling WorldEdit v7.2.17+6544-56d0383
[05:22:58] [Server thread/INFO]: Unregistering com.sk89q.worldedit.bukkit.BukkitServerInterface from WorldEdit
[05:22:58] [Server thread/INFO]: [Vault] Disabling Vault v1.7.3-b131
[05:22:58] [Server thread/INFO]: [LuckPerms] Disabling LuckPerms v5.4.108
[05:22:58] [Server thread/INFO]: [LuckPerms] Starting shutdown process...
[05:22:58] [Server thread/INFO]: [LuckPerms] Closing storage...
[05:22:58] [Server thread/INFO]: [LuckPerms] Goodbye!
[05:22:58] [Server thread/INFO]: Saving players
[05:22:58] [Server thread/INFO]: Saving worlds
[05:22:58] [Server thread/INFO]: Saving chunks for level 'ServerLevel[world]'/minecraft:overworld
[05:22:58] [Server thread/INFO]: [ChunkHolderManager] Waiting 60s for chunk system to halt for world 'world'
[05:22:58] [Server thread/INFO]: [ChunkHolderManager] Halted chunk system for world 'world'
[05:22:58] [Server thread/INFO]: [ChunkHolderManager] Saving all chunkholders for world 'world'
[05:22:58] [Server thread/INFO]: [ChunkHolderManager] Saved 1 block chunks, 89 entity chunks, 0 poi chunks in world 'world' in 0.13s
[05:22:58] [Server thread/INFO]: ThreadedAnvilChunkStorage (world): All chunks are saved
[05:22:58] [Server thread/INFO]: Saving chunks for level 'ServerLevel[world_nether]'/minecraft:the_nether
[05:22:58] [Server thread/INFO]: [ChunkHolderManager] Waiting 60s for chunk system to halt for world 'world_nether'
[05:22:58] [Server thread/INFO]: [ChunkHolderManager] Halted chunk system for world 'world_nether'
[05:22:58] [Server thread/INFO]: [ChunkHolderManager] Saving all chunkholders for world 'world_nether'
[05:22:58] [Server thread/INFO]: [ChunkHolderManager] Saved 13 block chunks, 52 entity chunks, 0 poi chunks in world 'world_nether' in 0.10s
[05:22:58] [Server thread/INFO]: ThreadedAnvilChunkStorage (DIM-1): All chunks are saved
[05:22:58] [Server thread/INFO]: Saving chunks for level 'ServerLevel[world_the_end]'/minecraft:the_end
[05:22:58] [Server thread/INFO]: [ChunkHolderManager] Waiting 60s for chunk system to halt for world 'world_the_end'
[05:22:58] [Server thread/INFO]: [ChunkHolderManager] Halted chunk system for world 'world_the_end'
[05:22:58] [Server thread/INFO]: [ChunkHolderManager] Saving all chunkholders for world 'world_the_end'
[05:22:59] [Server thread/INFO]: [ChunkHolderManager] Saved 0 block chunks, 37 entity chunks, 0 poi chunks in world 'world_the_end' in 0.03s
[05:22:59] [Server thread/INFO]: ThreadedAnvilChunkStorage (DIM1): All chunks are saved
[05:22:59] [Server thread/INFO]: ThreadedAnvilChunkStorage: All dimensions are saved
[05:22:59] [Server thread/INFO]: Flushing Chunk IO
[05:22:59] [Server thread/INFO]: Closing Thread Pool
[05:22:59] [Server thread/INFO]: Closing Server
[05:22:59] [Thread-1/WARN]: java.lang.Throwable: Server stopped
[05:22:59] [Thread-1/WARN]: 	at io.papermc.paper.util.TraceUtil.dumpTraceForThread(TraceUtil.java:16)
[05:22:59] [Thread-1/WARN]: 	at net.minecraft.server.MinecraftServer.safeShutdown(MinecraftServer.java:1010)
[05:22:59] [Thread-1/WARN]: 	at org.bukkit.craftbukkit.v1_20_R2.util.ServerShutdownThread.run(ServerShutdownThread.java:16)
